-------------------------------------------------------------------------------
Test set: com.xiaowang.cola.tools.domain.service.ToolServiceTest
-------------------------------------------------------------------------------
Tests run: 3, Failures: 0, Errors: 2, Skipped: 0, Time elapsed: 3.440 s <<< FAILURE! -- in com.xiaowang.cola.tools.domain.service.ToolServiceTest
com.xiaowang.cola.tools.domain.service.ToolServiceTest.testFindByIdWithMultipleTools -- Time elapsed: 0.450 s <<< ERROR!
org.apache.ibatis.binding.BindingException: Invalid bound statement (not found): com.xiaowang.cola.tools.infrastructure.mapper.ToolMapper.insert
	at org.apache.ibatis.binding.MapperMethod$SqlCommand.<init>(MapperMethod.java:229)
	at org.apache.ibatis.binding.MapperMethod.<init>(MapperMethod.java:53)
	at com.mybatisflex.core.mybatis.binding.MybatisMapperProxy.lambda$cachedInvoker$0(MybatisMapperProxy.java:101)
	at java.base/java.util.concurrent.ConcurrentHashMap.computeIfAbsent(ConcurrentHashMap.java:1708)
	at com.mybatisflex.core.util.MapUtil.computeIfAbsent(MapUtil.java:64)
	at com.mybatisflex.core.mybatis.binding.MybatisMapperProxy.cachedInvoker(MybatisMapperProxy.java:99)
	at com.mybatisflex.core.mybatis.binding.FlexMapperProxy.invoke(FlexMapperProxy.java:85)
	at jdk.proxy2/jdk.proxy2.$Proxy135.insert(Unknown Source)
	at com.baomidou.mybatisplus.extension.service.IService.save(IService.java:60)
	at com.xiaowang.cola.tools.domain.service.ToolService.createTool(ToolService.java:56)
	at java.base/jdk.internal.reflect.DirectMethodHandleAccessor.invoke(DirectMethodHandleAccessor.java:103)
	at java.base/java.lang.reflect.Method.invoke(Method.java:580)
	at org.springframework.aop.support.AopUtils.invokeJoinpointUsingReflection(AopUtils.java:351)
	at org.springframework.aop.framework.ReflectiveMethodInvocation.invokeJoinpoint(ReflectiveMethodInvocation.java:196)
	at org.springframework.aop.framework.ReflectiveMethodInvocation.proceed(ReflectiveMethodInvocation.java:163)
	at org.springframework.aop.framework.CglibAopProxy$CglibMethodInvocation.proceed(CglibAopProxy.java:765)
	at org.springframework.transaction.interceptor.TransactionInterceptor$1.proceedWithInvocation(TransactionInterceptor.java:123)
	at org.springframework.transaction.interceptor.TransactionAspectSupport.invokeWithinTransaction(TransactionAspectSupport.java:385)
	at org.springframework.transaction.interceptor.TransactionInterceptor.invoke(TransactionInterceptor.java:119)
	at org.springframework.aop.framework.ReflectiveMethodInvocation.proceed(ReflectiveMethodInvocation.java:184)
	at org.springframework.aop.framework.CglibAopProxy$CglibMethodInvocation.proceed(CglibAopProxy.java:765)
	at org.springframework.aop.framework.CglibAopProxy$DynamicAdvisedInterceptor.intercept(CglibAopProxy.java:717)
	at com.xiaowang.cola.tools.domain.service.ToolService$$SpringCGLIB$$0.createTool(<generated>)
	at com.xiaowang.cola.tools.domain.service.ToolServiceTest.testFindByIdWithMultipleTools(ToolServiceTest.java:76)
	at java.base/java.lang.reflect.Method.invoke(Method.java:580)
	at java.base/java.util.ArrayList.forEach(ArrayList.java:1596)
	at java.base/java.util.ArrayList.forEach(ArrayList.java:1596)

com.xiaowang.cola.tools.domain.service.ToolServiceTest.testFindById -- Time elapsed: 0.003 s <<< ERROR!
org.apache.ibatis.binding.BindingException: Invalid bound statement (not found): com.xiaowang.cola.tools.infrastructure.mapper.ToolMapper.insert
	at org.apache.ibatis.binding.MapperMethod$SqlCommand.<init>(MapperMethod.java:229)
	at org.apache.ibatis.binding.MapperMethod.<init>(MapperMethod.java:53)
	at com.mybatisflex.core.mybatis.binding.MybatisMapperProxy.lambda$cachedInvoker$0(MybatisMapperProxy.java:101)
	at java.base/java.util.concurrent.ConcurrentHashMap.computeIfAbsent(ConcurrentHashMap.java:1708)
	at com.mybatisflex.core.util.MapUtil.computeIfAbsent(MapUtil.java:64)
	at com.mybatisflex.core.mybatis.binding.MybatisMapperProxy.cachedInvoker(MybatisMapperProxy.java:99)
	at com.mybatisflex.core.mybatis.binding.FlexMapperProxy.invoke(FlexMapperProxy.java:85)
	at jdk.proxy2/jdk.proxy2.$Proxy135.insert(Unknown Source)
	at com.baomidou.mybatisplus.extension.service.IService.save(IService.java:60)
	at com.xiaowang.cola.tools.domain.service.ToolService.createTool(ToolService.java:56)
	at java.base/jdk.internal.reflect.DirectMethodHandleAccessor.invoke(DirectMethodHandleAccessor.java:103)
	at java.base/java.lang.reflect.Method.invoke(Method.java:580)
	at org.springframework.aop.support.AopUtils.invokeJoinpointUsingReflection(AopUtils.java:351)
	at org.springframework.aop.framework.ReflectiveMethodInvocation.invokeJoinpoint(ReflectiveMethodInvocation.java:196)
	at org.springframework.aop.framework.ReflectiveMethodInvocation.proceed(ReflectiveMethodInvocation.java:163)
	at org.springframework.aop.framework.CglibAopProxy$CglibMethodInvocation.proceed(CglibAopProxy.java:765)
	at org.springframework.transaction.interceptor.TransactionInterceptor$1.proceedWithInvocation(TransactionInterceptor.java:123)
	at org.springframework.transaction.interceptor.TransactionAspectSupport.invokeWithinTransaction(TransactionAspectSupport.java:385)
	at org.springframework.transaction.interceptor.TransactionInterceptor.invoke(TransactionInterceptor.java:119)
	at org.springframework.aop.framework.ReflectiveMethodInvocation.proceed(ReflectiveMethodInvocation.java:184)
	at org.springframework.aop.framework.CglibAopProxy$CglibMethodInvocation.proceed(CglibAopProxy.java:765)
	at org.springframework.aop.framework.CglibAopProxy$DynamicAdvisedInterceptor.intercept(CglibAopProxy.java:717)
	at com.xiaowang.cola.tools.domain.service.ToolService$$SpringCGLIB$$0.createTool(<generated>)
	at com.xiaowang.cola.tools.domain.service.ToolServiceTest.testFindById(ToolServiceTest.java:28)
	at java.base/java.lang.reflect.Method.invoke(Method.java:580)
	at java.base/java.util.ArrayList.forEach(ArrayList.java:1596)
	at java.base/java.util.ArrayList.forEach(ArrayList.java:1596)

