-------------------------------------------------------------------------------
Test set: com.xiaowang.cola.tools.domain.service.ToolQueryTest
-------------------------------------------------------------------------------
Tests run: 5, Failures: 0, Errors: 1, Skipped: 0, Time elapsed: 3.454 s <<< FAILURE! -- in com.xiaowang.cola.tools.domain.service.ToolQueryTest
com.xiaowang.cola.tools.domain.service.ToolQueryTest.testGetToolsByType -- Time elapsed: 0.008 s <<< ERROR!
org.apache.ibatis.binding.BindingException: Invalid bound statement (not found): com.xiaowang.cola.tools.infrastructure.mapper.ToolMapper.selectList
	at org.apache.ibatis.binding.MapperMethod$SqlCommand.<init>(MapperMethod.java:229)
	at org.apache.ibatis.binding.MapperMethod.<init>(MapperMethod.java:53)
	at com.mybatisflex.core.mybatis.binding.MybatisMapperProxy.lambda$cachedInvoker$0(MybatisMapperProxy.java:101)
	at java.base/java.util.concurrent.ConcurrentHashMap.computeIfAbsent(ConcurrentHashMap.java:1708)
	at com.mybatisflex.core.util.MapUtil.computeIfAbsent(MapUtil.java:64)
	at com.mybatisflex.core.mybatis.binding.MybatisMapperProxy.cachedInvoker(MybatisMapperProxy.java:99)
	at com.mybatisflex.core.mybatis.binding.FlexMapperProxy.invoke(FlexMapperProxy.java:85)
	at jdk.proxy2/jdk.proxy2.$Proxy135.selectList(Unknown Source)
	at com.baomidou.mybatisplus.extension.service.IService.list(IService.java:406)
	at com.xiaowang.cola.tools.domain.service.ToolService.getToolsByType(ToolService.java:185)
	at java.base/jdk.internal.reflect.DirectMethodHandleAccessor.invoke(DirectMethodHandleAccessor.java:103)
	at java.base/java.lang.reflect.Method.invoke(Method.java:580)
	at org.springframework.aop.support.AopUtils.invokeJoinpointUsingReflection(AopUtils.java:351)
	at org.springframework.aop.framework.CglibAopProxy$DynamicAdvisedInterceptor.intercept(CglibAopProxy.java:713)
	at com.xiaowang.cola.tools.domain.service.ToolService$$SpringCGLIB$$0.getToolsByType(<generated>)
	at com.xiaowang.cola.tools.domain.service.ToolQueryTest.testGetToolsByType(ToolQueryTest.java:81)
	at java.base/java.lang.reflect.Method.invoke(Method.java:580)
	at java.base/java.util.ArrayList.forEach(ArrayList.java:1596)
	at java.base/java.util.ArrayList.forEach(ArrayList.java:1596)

