<?xml version="1.0" encoding="UTF-8"?>
<testsuite xmlns:xsi="http://www.w3.org/2001/XMLSchema-instance" xsi:noNamespaceSchemaLocation="https://maven.apache.org/surefire/maven-surefire-plugin/xsd/surefire-test-report-3.0.xsd" version="3.0" name="com.xiaowang.cola.tools.domain.service.JsonArrayFormatTest" time="3.381" tests="6" errors="0" skipped="0" failures="0">
  <properties>
[...]
</properties>
  <testcase name="testMinifyArrayFormat" classname="com.xiaowang.cola.tools.domain.service.JsonArrayFormatTest" time="0.419">
    <system-out><![CDATA[16:18:11.113 [main] INFO org.springframework.test.context.support.AnnotationConfigContextLoaderUtils -- Could not detect default configuration classes for test class [com.xiaowang.cola.tools.domain.service.JsonArrayFormatTest]: JsonArrayFormatTest does not declare any static, non-private, non-final, nested classes annotated with @Configuration.
16:18:11.152 [main] INFO org.springframework.boot.test.context.SpringBootTestContextBootstrapper -- Found @SpringBootConfiguration com.xiaowang.cola.tools.ColaToolsApplication for test class com.xiaowang.cola.tools.domain.service.JsonArrayFormatTest
WARN: [chars-scan] [2025-09-26 16:18:11.376] [chars-scan-config.properties] config file not found, use default config.
2025-09-26 16:18:11.372 [TID: N/A] INFO  [main] o.a.d.s.b.c.e.WelcomeLogoApplicationListener -  [DUBBO] 

 :: Dubbo (v3.2.10) : https://github.com/apache/dubbo
 :: Discuss group : dev@dubbo.apache.org|EE556F110878F29190D18E16684784AB
, dubbo version: 3.2.10, current host: 11.0.118.232

  .   ____          _            __ _ _
 /\\ / ___'_ __ _ _(_)_ __  __ _ \ \ \ \
( ( )\___ | '_ | '_| | '_ \/ _` | \ \ \ \
 \\/  ___)| |_)| | | | | || (_| |  ) ) ) )
  '  |____| .__|_| |_|_| |_\__, | / / / /
 =========|_|==============|___/=/_/_/_/
 :: Spring Boot ::                (v3.2.2)

2025-09-26 16:18:11.606 [TID: N/A] INFO  [main] c.a.nacos.client.utils.ParamUtil - [settings] [req-serv] nacos-server port:8848
2025-09-26 16:18:11.606 [TID: N/A] INFO  [main] c.a.nacos.client.utils.ParamUtil - [settings] [http-client] connect timeout:1000
2025-09-26 16:18:11.607 [TID: N/A] INFO  [main] c.a.nacos.client.utils.ParamUtil - PER_TASK_CONFIG_SIZE: 3000.0
2025-09-26 16:18:11.615 [TID: N/A] INFO  [main] com.alibaba.nacos.common.labels - DefaultLabelsCollectorManager get labels.....
2025-09-26 16:18:11.616 [TID: N/A] INFO  [main] com.alibaba.nacos.common.labels - Process LabelsCollector with [name:defaultNacosLabelsCollector]
2025-09-26 16:18:11.616 [TID: N/A] INFO  [main] com.alibaba.nacos.common.labels - default nacos collect properties raw labels: null
2025-09-26 16:18:11.616 [TID: N/A] INFO  [main] com.alibaba.nacos.common.labels - default nacos collect properties labels: {}
2025-09-26 16:18:11.616 [TID: N/A] INFO  [main] com.alibaba.nacos.common.labels - default nacos collect jvm raw labels: null
2025-09-26 16:18:11.616 [TID: N/A] INFO  [main] com.alibaba.nacos.common.labels - default nacos collect jvm labels: {}
2025-09-26 16:18:11.617 [TID: N/A] INFO  [main] com.alibaba.nacos.common.labels - default nacos collect env raw labels: null
2025-09-26 16:18:11.617 [TID: N/A] INFO  [main] com.alibaba.nacos.common.labels - default nacos collect env labels: {}
2025-09-26 16:18:11.617 [TID: N/A] INFO  [main] com.alibaba.nacos.common.labels - DefaultLabelsCollectorManager get labels finished,labels :{}
2025-09-26 16:18:11.619 [TID: N/A] INFO  [main] c.a.n.p.a.s.c.ClientAuthPluginManager - [ClientAuthPluginManager] Load ClientAuthService com.alibaba.nacos.client.auth.impl.NacosClientAuthServiceImpl success.
2025-09-26 16:18:11.619 [TID: N/A] INFO  [main] c.a.n.p.a.s.c.ClientAuthPluginManager - [ClientAuthPluginManager] Load ClientAuthService com.alibaba.nacos.client.auth.ram.RamClientAuthServiceImpl success.
2025-09-26 16:18:11.633 [TID: N/A] INFO  [Thread-5] c.a.n.c.a.r.i.CredentialWatcher - null No credential found
2025-09-26 16:18:11.635 [TID: N/A] INFO  [main] c.a.n.c.c.i.LocalConfigInfoProcessor - LOCAL_SNAPSHOT_PATH:/Users/wangjin/nacos/config
2025-09-26 16:18:11.637 [TID: N/A] INFO  [main] c.alibaba.nacos.common.remote.client - [RpcClientFactory] create a new rpc client of acef6e39-087b-494f-84b6-fa4cf09361ad_config-0
2025-09-26 16:18:11.643 [TID: N/A] INFO  [main] c.alibaba.nacos.common.remote.client - [acef6e39-087b-494f-84b6-fa4cf09361ad_config-0] Register server push request handler:com.alibaba.nacos.client.config.impl.ClientWorker$ConfigRpcTransportClient$$Lambda/0x0000008801498eb0
2025-09-26 16:18:11.643 [TID: N/A] INFO  [main] c.alibaba.nacos.common.remote.client - [acef6e39-087b-494f-84b6-fa4cf09361ad_config-0] Register server push request handler:com.alibaba.nacos.client.config.impl.ClientWorker$ConfigRpcTransportClient$$Lambda/0x00000088014992c0
2025-09-26 16:18:11.643 [TID: N/A] INFO  [main] c.alibaba.nacos.common.remote.client - [acef6e39-087b-494f-84b6-fa4cf09361ad_config-0] Registry connection listener to current client:com.alibaba.nacos.client.config.impl.ClientWorker$ConfigRpcTransportClient$1
2025-09-26 16:18:11.644 [TID: N/A] INFO  [main] c.alibaba.nacos.common.remote.client - [acef6e39-087b-494f-84b6-fa4cf09361ad_config-0] RpcClient init, ServerListFactory = com.alibaba.nacos.client.config.impl.ClientWorker$ConfigRpcTransportClient$2
2025-09-26 16:18:11.646 [TID: N/A] INFO  [main] c.alibaba.nacos.common.remote.client - [acef6e39-087b-494f-84b6-fa4cf09361ad_config-0] Try to connect to server on start up, server: {serverIp = '127.0.0.1', server main port = 8848}
2025-09-26 16:18:11.658 [TID: N/A] INFO  [main] c.a.n.c.r.client.grpc.GrpcClient - grpc client connection server:127.0.0.1 ip,serverPort:9848,grpcTslConfig:{"sslProvider":"","enableTls":false,"mutualAuthEnable":false,"trustAll":false}
2025-09-26 16:18:11.856 [TID: N/A] INFO  [main] c.a.n.c.a.AbstractAbilityControlManager - Ready to get current node abilities...
2025-09-26 16:18:11.857 [TID: N/A] INFO  [main] c.a.n.c.a.AbstractAbilityControlManager - Ready to initialize current node abilities, support modes: [SDK_CLIENT]
2025-09-26 16:18:11.857 [TID: N/A] INFO  [main] c.a.n.c.a.AbstractAbilityControlManager - Initialize current abilities finish...
2025-09-26 16:18:11.858 [TID: N/A] INFO  [main] c.a.n.c.a.d.NacosAbilityManagerHolder - [AbilityControlManager] Successfully initialize AbilityControlManager
2025-09-26 16:18:11.866 [TID: N/A] INFO  [main] c.alibaba.nacos.common.remote.client - [acef6e39-087b-494f-84b6-fa4cf09361ad_config-0] Success to connect to server [127.0.0.1:8848] on start up, connectionId = 1758874691825_127.0.0.1_60882
2025-09-26 16:18:11.866 [TID: N/A] INFO  [com.alibaba.nacos.client.remote.worker.0] c.alibaba.nacos.common.remote.client - [acef6e39-087b-494f-84b6-fa4cf09361ad_config-0] Notify connected event to listeners.
2025-09-26 16:18:11.866 [TID: N/A] INFO  [com.alibaba.nacos.client.remote.worker.0] c.a.n.c.config.impl.ClientWorker - [acef6e39-087b-494f-84b6-fa4cf09361ad_config-0] Connected,notify listen context...
2025-09-26 16:18:11.866 [TID: N/A] INFO  [main] c.alibaba.nacos.common.remote.client - [acef6e39-087b-494f-84b6-fa4cf09361ad_config-0] Register server push request handler:com.alibaba.nacos.common.remote.client.RpcClient$ConnectResetRequestHandler
2025-09-26 16:18:11.866 [TID: N/A] INFO  [main] c.alibaba.nacos.common.remote.client - [acef6e39-087b-494f-84b6-fa4cf09361ad_config-0] Register server push request handler:com.alibaba.nacos.common.remote.client.RpcClient$$Lambda/0x00000088015e2f30
2025-09-26 16:18:11.882 [TID: N/A] INFO  [main] c.a.nacos.client.config.impl.Limiter - limitTime:5.0
2025-09-26 16:18:11.891 [TID: N/A] WARN  [main] c.a.c.n.c.NacosPropertySourceBuilder - Ignore the empty nacos configuration and get it based on dataId[cola-tools] & group[DEFAULT_GROUP]
2025-09-26 16:18:11.893 [TID: N/A] WARN  [main] c.a.c.n.c.NacosPropertySourceBuilder - Ignore the empty nacos configuration and get it based on dataId[cola-tools.properties] & group[DEFAULT_GROUP]
2025-09-26 16:18:11.894 [TID: N/A] INFO  [main] o.s.c.b.c.PropertySourceBootstrapConfiguration - Located property source: [BootstrapPropertySource {name='bootstrapProperties-cola-tools.properties,DEFAULT_GROUP'}, BootstrapPropertySource {name='bootstrapProperties-cola-tools,DEFAULT_GROUP'}]
2025-09-26 16:18:11.900 [TID: N/A] INFO  [main] c.x.c.t.d.s.JsonArrayFormatTest - No active profile set, falling back to 1 default profile: "default"
2025-09-26 16:18:12.139 [TID: N/A] INFO  [main] o.a.dubbo.rpc.model.FrameworkModel -  [DUBBO] Dubbo Framework[1] is created, dubbo version: 3.2.10, current host: 11.0.118.232
2025-09-26 16:18:12.143 [TID: N/A] INFO  [main] o.a.d.c.r.GlobalResourcesRepository -  [DUBBO] Creating global shared handler ..., dubbo version: 3.2.10, current host: 11.0.118.232
2025-09-26 16:18:12.173 [TID: N/A] INFO  [main] o.a.dubbo.rpc.model.ApplicationModel -  [DUBBO] Dubbo Application[1.0](unknown) is created, dubbo version: 3.2.10, current host: 11.0.118.232
2025-09-26 16:18:12.174 [TID: N/A] INFO  [main] o.apache.dubbo.rpc.model.ScopeModel -  [DUBBO] Dubbo Module[1.0.0] is created, dubbo version: 3.2.10, current host: 11.0.118.232
2025-09-26 16:18:12.182 [TID: N/A] INFO  [main] o.a.d.c.c.AbstractConfigManager -  [DUBBO] Config settings: {dubbo.config.mode=STRICT, dubbo.config.ignore-duplicated-interface=false}, dubbo version: 3.2.10, current host: 11.0.118.232
2025-09-26 16:18:12.182 [TID: N/A] INFO  [main] o.a.d.c.c.AbstractConfigManager -  [DUBBO] Config settings: {dubbo.config.mode=STRICT, dubbo.config.ignore-duplicated-interface=false}, dubbo version: 3.2.10, current host: 11.0.118.232
2025-09-26 16:18:12.185 [TID: N/A] INFO  [main] o.a.d.c.u.SerializeSecurityManager -  [DUBBO] Serialize check serializable: true, dubbo version: 3.2.10, current host: 11.0.118.232
2025-09-26 16:18:12.186 [TID: N/A] INFO  [main] o.a.d.c.u.SerializeSecurityConfigurator -  [DUBBO] Read serialize allow list from jar:file:/Users/wangjin/.m2/repository/org/apache/dubbo/dubbo/3.2.10/dubbo-3.2.10.jar!/security/serialize.allowlist, dubbo version: 3.2.10, current host: 11.0.118.232
2025-09-26 16:18:12.196 [TID: N/A] INFO  [main] o.a.d.c.u.SerializeSecurityConfigurator -  [DUBBO] Read serialize allow list from jar:file:/Users/wangjin/.m2/repository/org/apache/dubbo/dubbo-common/3.2.10/dubbo-common-3.2.10.jar!/security/serialize.allowlist, dubbo version: 3.2.10, current host: 11.0.118.232
2025-09-26 16:18:12.197 [TID: N/A] INFO  [main] o.a.d.c.u.SerializeSecurityConfigurator -  [DUBBO] Read serialize blocked list from jar:file:/Users/wangjin/.m2/repository/org/apache/dubbo/dubbo/3.2.10/dubbo-3.2.10.jar!/security/serialize.blockedlist, dubbo version: 3.2.10, current host: 11.0.118.232
2025-09-26 16:18:12.215 [TID: N/A] INFO  [main] o.a.d.c.u.SerializeSecurityConfigurator -  [DUBBO] Read serialize blocked list from jar:file:/Users/wangjin/.m2/repository/org/apache/dubbo/dubbo-common/3.2.10/dubbo-common-3.2.10.jar!/security/serialize.blockedlist, dubbo version: 3.2.10, current host: 11.0.118.232
2025-09-26 16:18:12.242 [TID: N/A] INFO  [main] o.a.dubbo.rpc.model.ApplicationModel -  [DUBBO] Dubbo Application[1.1](unknown) is created, dubbo version: 3.2.10, current host: 11.0.118.232
2025-09-26 16:18:12.242 [TID: N/A] INFO  [main] o.apache.dubbo.rpc.model.ScopeModel -  [DUBBO] Dubbo Module[1.1.0] is created, dubbo version: 3.2.10, current host: 11.0.118.232
2025-09-26 16:18:12.245 [TID: N/A] INFO  [main] o.a.d.c.c.AbstractConfigManager -  [DUBBO] Config settings: {dubbo.config.mode=STRICT, dubbo.config.ignore-duplicated-interface=false}, dubbo version: 3.2.10, current host: 11.0.118.232
2025-09-26 16:18:12.245 [TID: N/A] INFO  [main] o.a.d.c.c.AbstractConfigManager -  [DUBBO] Config settings: {dubbo.config.mode=STRICT, dubbo.config.ignore-duplicated-interface=false}, dubbo version: 3.2.10, current host: 11.0.118.232
2025-09-26 16:18:12.247 [TID: N/A] INFO  [main] o.a.d.c.u.SerializeSecurityConfigurator -  [DUBBO] Read serialize allow list from jar:file:/Users/wangjin/.m2/repository/org/apache/dubbo/dubbo/3.2.10/dubbo-3.2.10.jar!/security/serialize.allowlist, dubbo version: 3.2.10, current host: 11.0.118.232
2025-09-26 16:18:12.247 [TID: N/A] INFO  [main] o.a.d.c.u.SerializeSecurityConfigurator -  [DUBBO] Read serialize allow list from jar:file:/Users/wangjin/.m2/repository/org/apache/dubbo/dubbo-common/3.2.10/dubbo-common-3.2.10.jar!/security/serialize.allowlist, dubbo version: 3.2.10, current host: 11.0.118.232
2025-09-26 16:18:12.247 [TID: N/A] INFO  [main] o.a.d.c.u.SerializeSecurityConfigurator -  [DUBBO] Read serialize blocked list from jar:file:/Users/wangjin/.m2/repository/org/apache/dubbo/dubbo/3.2.10/dubbo-3.2.10.jar!/security/serialize.blockedlist, dubbo version: 3.2.10, current host: 11.0.118.232
2025-09-26 16:18:12.247 [TID: N/A] INFO  [main] o.a.d.c.u.SerializeSecurityConfigurator -  [DUBBO] Read serialize blocked list from jar:file:/Users/wangjin/.m2/repository/org/apache/dubbo/dubbo-common/3.2.10/dubbo-common-3.2.10.jar!/security/serialize.blockedlist, dubbo version: 3.2.10, current host: 11.0.118.232
2025-09-26 16:18:12.251 [TID: N/A] INFO  [main] o.a.d.c.s.c.DubboSpringInitializer -  [DUBBO] Use default application: Dubbo Application[1.1](unknown), dubbo version: 3.2.10, current host: 11.0.118.232
2025-09-26 16:18:12.251 [TID: N/A] INFO  [main] o.apache.dubbo.rpc.model.ScopeModel -  [DUBBO] Dubbo Module[1.1.1] is created, dubbo version: 3.2.10, current host: 11.0.118.232
2025-09-26 16:18:12.252 [TID: N/A] INFO  [main] o.a.d.c.c.AbstractConfigManager -  [DUBBO] Config settings: {dubbo.config.mode=STRICT, dubbo.config.ignore-duplicated-interface=false}, dubbo version: 3.2.10, current host: 11.0.118.232
2025-09-26 16:18:12.253 [TID: N/A] INFO  [main] o.a.d.c.u.SerializeSecurityConfigurator -  [DUBBO] Read serialize allow list from jar:file:/Users/wangjin/.m2/repository/org/apache/dubbo/dubbo/3.2.10/dubbo-3.2.10.jar!/security/serialize.allowlist, dubbo version: 3.2.10, current host: 11.0.118.232
2025-09-26 16:18:12.254 [TID: N/A] INFO  [main] o.a.d.c.u.SerializeSecurityConfigurator -  [DUBBO] Read serialize allow list from jar:file:/Users/wangjin/.m2/repository/org/apache/dubbo/dubbo-common/3.2.10/dubbo-common-3.2.10.jar!/security/serialize.allowlist, dubbo version: 3.2.10, current host: 11.0.118.232
2025-09-26 16:18:12.254 [TID: N/A] INFO  [main] o.a.d.c.u.SerializeSecurityConfigurator -  [DUBBO] Read serialize blocked list from jar:file:/Users/wangjin/.m2/repository/org/apache/dubbo/dubbo/3.2.10/dubbo-3.2.10.jar!/security/serialize.blockedlist, dubbo version: 3.2.10, current host: 11.0.118.232
2025-09-26 16:18:12.254 [TID: N/A] INFO  [main] o.a.d.c.u.SerializeSecurityConfigurator -  [DUBBO] Read serialize blocked list from jar:file:/Users/wangjin/.m2/repository/org/apache/dubbo/dubbo-common/3.2.10/dubbo-common-3.2.10.jar!/security/serialize.blockedlist, dubbo version: 3.2.10, current host: 11.0.118.232
2025-09-26 16:18:12.255 [TID: N/A] INFO  [main] o.a.d.c.s.c.DubboSpringInitializer -  [DUBBO] Use default module model of target application: Dubbo Module[1.1.1], dubbo version: 3.2.10, current host: 11.0.118.232
2025-09-26 16:18:12.255 [TID: N/A] INFO  [main] o.a.d.c.s.c.DubboSpringInitializer -  [DUBBO] Bind Dubbo Module[1.1.1] to spring container: org.springframework.beans.factory.support.DefaultListableBeanFactory@68e47e7, dubbo version: 3.2.10, current host: 11.0.118.232
2025-09-26 16:18:12.328 [TID: N/A] INFO  [main] o.s.d.r.c.RepositoryConfigurationDelegate - Multiple Spring Data modules found, entering strict repository configuration mode
2025-09-26 16:18:12.329 [TID: N/A] INFO  [main] o.s.d.r.c.RepositoryConfigurationDelegate - Bootstrapping Spring Data Redis repositories in DEFAULT mode.
2025-09-26 16:18:12.339 [TID: N/A] INFO  [main] o.s.d.r.c.RepositoryConfigurationDelegate - Finished Spring Data repository scanning in 4 ms. Found 0 Redis repository interfaces.
2025-09-26 16:18:12.410 [TID: N/A] INFO  [main] o.s.cloud.context.scope.GenericScope - BeanFactory id=2490e07d-8ab4-37c2-91ef-f6de57291c72
2025-09-26 16:18:12.579 [TID: N/A] INFO  [main] o.a.d.c.s.b.f.a.ReferenceAnnotationBeanPostProcessor -  [DUBBO] class org.apache.dubbo.config.spring.beans.factory.annotation.ReferenceAnnotationBeanPostProcessor was destroying!, dubbo version: 3.2.10, current host: 11.0.118.232
2025-09-26 16:18:12.591 [TID: N/A] WARN  [main] o.s.c.s.PostProcessorRegistrationDelegate$BeanPostProcessorChecker - Bean 'com.mybatisflex.spring.boot.FlexTransactionAutoConfiguration' of type [com.mybatisflex.spring.boot.FlexTransactionAutoConfiguration] is not eligible for getting processed by all BeanPostProcessors (for example: not eligible for auto-proxying). Is this bean getting eagerly injected into a currently created BeanPostProcessor [meterRegistryPostProcessor]? Check the corresponding BeanPostProcessor declaration and its dependencies.
2025-09-26 16:18:12.697 [TID: N/A] INFO  [main] o.a.d.c.s.c.DubboConfigBeanInitializer -  [DUBBO] loading dubbo config beans ..., dubbo version: 3.2.10, current host: 11.0.118.232
2025-09-26 16:18:12.701 [TID: N/A] INFO  [main] o.a.d.c.s.c.DubboConfigBeanInitializer -  [DUBBO] dubbo config beans are loaded., dubbo version: 3.2.10, current host: 11.0.118.232
2025-09-26 16:18:12.721 [TID: N/A] INFO  [main] o.a.d.c.d.DefaultApplicationDeployer -  [DUBBO] No value is configured in the registry, the DynamicConfigurationFactory extension[name : nacos] supports as the config center, dubbo version: 3.2.10, current host: 11.0.118.232
2025-09-26 16:18:12.721 [TID: N/A] INFO  [main] o.a.d.c.d.DefaultApplicationDeployer -  [DUBBO] The registry[<dubbo:registry port="8848" parameters="{namespace=9fdee59e-949c-441a-9545-b72d92357ae4, group=dubbo}" address="nacos://127.0.0.1:8848" protocol="nacos" />] will be used as the config center, dubbo version: 3.2.10, current host: 11.0.118.232
2025-09-26 16:18:12.724 [TID: N/A] INFO  [main] o.a.d.c.d.DefaultApplicationDeployer -  [DUBBO] use registry as config-center: <dubbo:config-center highestPriority="false" id="config-center-nacos-127.0.0.1-8848" address="nacos://127.0.0.1:8848" protocol="nacos" port="8848" parameters="{namespace=9fdee59e-949c-441a-9545-b72d92357ae4, client=null, group=dubbo}" />, dubbo version: 3.2.10, current host: 11.0.118.232
2025-09-26 16:18:12.731 [TID: N/A] INFO  [main] com.alibaba.nacos.common.labels - DefaultLabelsCollectorManager get labels.....
2025-09-26 16:18:12.732 [TID: N/A] INFO  [main] com.alibaba.nacos.common.labels - Process LabelsCollector with [name:defaultNacosLabelsCollector]
2025-09-26 16:18:12.732 [TID: N/A] INFO  [main] com.alibaba.nacos.common.labels - default nacos collect properties raw labels: null
2025-09-26 16:18:12.732 [TID: N/A] INFO  [main] com.alibaba.nacos.common.labels - default nacos collect properties labels: {}
2025-09-26 16:18:12.732 [TID: N/A] INFO  [main] com.alibaba.nacos.common.labels - default nacos collect jvm raw labels: null
2025-09-26 16:18:12.732 [TID: N/A] INFO  [main] com.alibaba.nacos.common.labels - default nacos collect jvm labels: {}
2025-09-26 16:18:12.732 [TID: N/A] INFO  [main] com.alibaba.nacos.common.labels - default nacos collect env raw labels: null
2025-09-26 16:18:12.732 [TID: N/A] INFO  [main] com.alibaba.nacos.common.labels - default nacos collect env labels: {}
2025-09-26 16:18:12.732 [TID: N/A] INFO  [main] com.alibaba.nacos.common.labels - DefaultLabelsCollectorManager get labels finished,labels :{}
2025-09-26 16:18:12.732 [TID: N/A] INFO  [main] c.a.n.p.a.s.c.ClientAuthPluginManager - [ClientAuthPluginManager] Load ClientAuthService com.alibaba.nacos.client.auth.impl.NacosClientAuthServiceImpl success.
2025-09-26 16:18:12.733 [TID: N/A] INFO  [main] c.a.n.p.a.s.c.ClientAuthPluginManager - [ClientAuthPluginManager] Load ClientAuthService com.alibaba.nacos.client.auth.ram.RamClientAuthServiceImpl success.
2025-09-26 16:18:12.733 [TID: N/A] INFO  [main] c.alibaba.nacos.common.remote.client - [RpcClientFactory] create a new rpc client of 67ba7b37-e1d9-4b42-a5a8-73b5f091308c_config-0
2025-09-26 16:18:12.733 [TID: N/A] INFO  [main] c.alibaba.nacos.common.remote.client - [67ba7b37-e1d9-4b42-a5a8-73b5f091308c_config-0] Register server push request handler:com.alibaba.nacos.client.config.impl.ClientWorker$ConfigRpcTransportClient$$Lambda/0x0000008801498eb0
2025-09-26 16:18:12.733 [TID: N/A] INFO  [main] c.alibaba.nacos.common.remote.client - [67ba7b37-e1d9-4b42-a5a8-73b5f091308c_config-0] Register server push request handler:com.alibaba.nacos.client.config.impl.ClientWorker$ConfigRpcTransportClient$$Lambda/0x00000088014992c0
2025-09-26 16:18:12.733 [TID: N/A] INFO  [main] c.alibaba.nacos.common.remote.client - [67ba7b37-e1d9-4b42-a5a8-73b5f091308c_config-0] Registry connection listener to current client:com.alibaba.nacos.client.config.impl.ClientWorker$ConfigRpcTransportClient$1
2025-09-26 16:18:12.733 [TID: N/A] INFO  [main] c.alibaba.nacos.common.remote.client - [67ba7b37-e1d9-4b42-a5a8-73b5f091308c_config-0] RpcClient init, ServerListFactory = com.alibaba.nacos.client.config.impl.ClientWorker$ConfigRpcTransportClient$2
2025-09-26 16:18:12.734 [TID: N/A] INFO  [main] c.alibaba.nacos.common.remote.client - [67ba7b37-e1d9-4b42-a5a8-73b5f091308c_config-0] Try to connect to server on start up, server: {serverIp = '127.0.0.1', server main port = 8848}
2025-09-26 16:18:12.734 [TID: N/A] INFO  [main] c.a.n.c.r.client.grpc.GrpcClient - grpc client connection server:127.0.0.1 ip,serverPort:9848,grpcTslConfig:{"sslProvider":"","enableTls":false,"mutualAuthEnable":false,"trustAll":false}
2025-09-26 16:18:12.741 [TID: N/A] INFO  [main] c.alibaba.nacos.common.remote.client - [67ba7b37-e1d9-4b42-a5a8-73b5f091308c_config-0] Success to connect to server [127.0.0.1:8848] on start up, connectionId = 1758874692736_127.0.0.1_60885
2025-09-26 16:18:12.741 [TID: N/A] INFO  [main] c.alibaba.nacos.common.remote.client - [67ba7b37-e1d9-4b42-a5a8-73b5f091308c_config-0] Register server push request handler:com.alibaba.nacos.common.remote.client.RpcClient$ConnectResetRequestHandler
2025-09-26 16:18:12.741 [TID: N/A] INFO  [com.alibaba.nacos.client.remote.worker.0] c.alibaba.nacos.common.remote.client - [67ba7b37-e1d9-4b42-a5a8-73b5f091308c_config-0] Notify connected event to listeners.
2025-09-26 16:18:12.741 [TID: N/A] INFO  [main] c.alibaba.nacos.common.remote.client - [67ba7b37-e1d9-4b42-a5a8-73b5f091308c_config-0] Register server push request handler:com.alibaba.nacos.common.remote.client.RpcClient$$Lambda/0x00000088015e2f30
2025-09-26 16:18:12.741 [TID: N/A] INFO  [com.alibaba.nacos.client.remote.worker.0] c.a.n.c.config.impl.ClientWorker - [67ba7b37-e1d9-4b42-a5a8-73b5f091308c_config-0] Connected,notify listen context...
2025-09-26 16:18:12.749 [TID: N/A] INFO  [main] o.a.d.c.config.ConfigurationUtils -  [DUBBO] Config center was specified, but no config item found., dubbo version: 3.2.10, current host: 11.0.118.232
2025-09-26 16:18:12.749 [TID: N/A] INFO  [main] o.a.d.c.config.ConfigurationUtils -  [DUBBO] Config center was specified, but no config item found., dubbo version: 3.2.10, current host: 11.0.118.232
2025-09-26 16:18:12.758 [TID: N/A] INFO  [main] o.a.d.config.context.ConfigManager -  [DUBBO] The current configurations or effective configurations are as follows:, dubbo version: 3.2.10, current host: 11.0.118.232
2025-09-26 16:18:12.758 [TID: N/A] INFO  [main] o.a.d.config.context.ConfigManager -  [DUBBO] <dubbo:application enableFileCache="true" executorManagementMode="isolation" parameters="{}" name="cola-tools" qosAcceptForeignIp="false" qosEnable="true" protocol="dubbo" />, dubbo version: 3.2.10, current host: 11.0.118.232
2025-09-26 16:18:12.758 [TID: N/A] INFO  [main] o.a.d.config.context.ConfigManager -  [DUBBO] <dubbo:protocol preferSerialization="fastjson2,hessian2" port="-1" name="dubbo" />, dubbo version: 3.2.10, current host: 11.0.118.232
2025-09-26 16:18:12.759 [TID: N/A] INFO  [main] o.a.d.config.context.ConfigManager -  [DUBBO] <dubbo:registry port="8848" parameters="{namespace=9fdee59e-949c-441a-9545-b72d92357ae4, group=dubbo}" address="nacos://127.0.0.1:8848" protocol="nacos" />, dubbo version: 3.2.10, current host: 11.0.118.232
2025-09-26 16:18:12.759 [TID: N/A] INFO  [main] o.a.d.config.context.ConfigManager -  [DUBBO] <dubbo:ssl />, dubbo version: 3.2.10, current host: 11.0.118.232
2025-09-26 16:18:12.768 [TID: N/A] INFO  [main] o.a.d.c.deploy.DefaultModuleDeployer -  [DUBBO] Dubbo Module[1.1.0] has been initialized!, dubbo version: 3.2.10, current host: 11.0.118.232
2025-09-26 16:18:12.770 [TID: N/A] INFO  [main] o.a.d.c.deploy.DefaultModuleDeployer -  [DUBBO] Dubbo Module[1.1.1] has been initialized!, dubbo version: 3.2.10, current host: 11.0.118.232
2025-09-26 16:18:12.808 [TID: N/A] INFO  [main] o.a.d.c.d.DefaultApplicationDeployer -  [DUBBO] No value is configured in the registry, the MetadataReportFactory extension[name : nacos] supports as the metadata center, dubbo version: 3.2.10, current host: 11.0.118.232
2025-09-26 16:18:12.809 [TID: N/A] INFO  [main] o.a.d.c.d.DefaultApplicationDeployer -  [DUBBO] The registry[<dubbo:registry port="8848" parameters="{namespace=9fdee59e-949c-441a-9545-b72d92357ae4, group=dubbo}" address="nacos://127.0.0.1:8848" protocol="nacos" />] will be used as the metadata center, dubbo version: 3.2.10, current host: 11.0.118.232
2025-09-26 16:18:12.810 [TID: N/A] INFO  [main] o.a.d.c.d.DefaultApplicationDeployer -  [DUBBO] use registry as metadata-center: <dubbo:metadata-report address="nacos://127.0.0.1:8848" protocol="nacos" port="8848" parameters="{namespace=9fdee59e-949c-441a-9545-b72d92357ae4, client=null, group=dubbo}" />, dubbo version: 3.2.10, current host: 11.0.118.232
2025-09-26 16:18:12.818 [TID: N/A] INFO  [main] com.alibaba.nacos.common.labels - DefaultLabelsCollectorManager get labels.....
2025-09-26 16:18:12.818 [TID: N/A] INFO  [main] com.alibaba.nacos.common.labels - Process LabelsCollector with [name:defaultNacosLabelsCollector]
2025-09-26 16:18:12.818 [TID: N/A] INFO  [main] com.alibaba.nacos.common.labels - default nacos collect properties raw labels: null
2025-09-26 16:18:12.818 [TID: N/A] INFO  [main] com.alibaba.nacos.common.labels - default nacos collect properties labels: {}
2025-09-26 16:18:12.818 [TID: N/A] INFO  [main] com.alibaba.nacos.common.labels - default nacos collect jvm raw labels: null
2025-09-26 16:18:12.818 [TID: N/A] INFO  [main] com.alibaba.nacos.common.labels - default nacos collect jvm labels: {}
2025-09-26 16:18:12.818 [TID: N/A] INFO  [main] com.alibaba.nacos.common.labels - default nacos collect env raw labels: null
2025-09-26 16:18:12.818 [TID: N/A] INFO  [main] com.alibaba.nacos.common.labels - default nacos collect env labels: {}
2025-09-26 16:18:12.818 [TID: N/A] INFO  [main] com.alibaba.nacos.common.labels - DefaultLabelsCollectorManager get labels finished,labels :{}
2025-09-26 16:18:12.819 [TID: N/A] INFO  [main] c.a.n.p.a.s.c.ClientAuthPluginManager - [ClientAuthPluginManager] Load ClientAuthService com.alibaba.nacos.client.auth.impl.NacosClientAuthServiceImpl success.
2025-09-26 16:18:12.819 [TID: N/A] INFO  [main] c.a.n.p.a.s.c.ClientAuthPluginManager - [ClientAuthPluginManager] Load ClientAuthService com.alibaba.nacos.client.auth.ram.RamClientAuthServiceImpl success.
2025-09-26 16:18:12.819 [TID: N/A] INFO  [main] c.alibaba.nacos.common.remote.client - [RpcClientFactory] create a new rpc client of fc01a601-c500-4998-935b-acf081bcd94c_config-0
2025-09-26 16:18:12.819 [TID: N/A] INFO  [main] c.alibaba.nacos.common.remote.client - [fc01a601-c500-4998-935b-acf081bcd94c_config-0] Register server push request handler:com.alibaba.nacos.client.config.impl.ClientWorker$ConfigRpcTransportClient$$Lambda/0x0000008801498eb0
2025-09-26 16:18:12.819 [TID: N/A] INFO  [main] c.alibaba.nacos.common.remote.client - [fc01a601-c500-4998-935b-acf081bcd94c_config-0] Register server push request handler:com.alibaba.nacos.client.config.impl.ClientWorker$ConfigRpcTransportClient$$Lambda/0x00000088014992c0
2025-09-26 16:18:12.819 [TID: N/A] INFO  [main] c.alibaba.nacos.common.remote.client - [fc01a601-c500-4998-935b-acf081bcd94c_config-0] Registry connection listener to current client:com.alibaba.nacos.client.config.impl.ClientWorker$ConfigRpcTransportClient$1
2025-09-26 16:18:12.820 [TID: N/A] INFO  [main] c.alibaba.nacos.common.remote.client - [fc01a601-c500-4998-935b-acf081bcd94c_config-0] RpcClient init, ServerListFactory = com.alibaba.nacos.client.config.impl.ClientWorker$ConfigRpcTransportClient$2
2025-09-26 16:18:12.820 [TID: N/A] INFO  [main] c.alibaba.nacos.common.remote.client - [fc01a601-c500-4998-935b-acf081bcd94c_config-0] Try to connect to server on start up, server: {serverIp = '127.0.0.1', server main port = 8848}
2025-09-26 16:18:12.820 [TID: N/A] INFO  [main] c.a.n.c.r.client.grpc.GrpcClient - grpc client connection server:127.0.0.1 ip,serverPort:9848,grpcTslConfig:{"sslProvider":"","enableTls":false,"mutualAuthEnable":false,"trustAll":false}
2025-09-26 16:18:12.829 [TID: N/A] INFO  [main] c.alibaba.nacos.common.remote.client - [fc01a601-c500-4998-935b-acf081bcd94c_config-0] Success to connect to server [127.0.0.1:8848] on start up, connectionId = 1758874692823_127.0.0.1_60886
2025-09-26 16:18:12.829 [TID: N/A] INFO  [main] c.alibaba.nacos.common.remote.client - [fc01a601-c500-4998-935b-acf081bcd94c_config-0] Register server push request handler:com.alibaba.nacos.common.remote.client.RpcClient$ConnectResetRequestHandler
2025-09-26 16:18:12.829 [TID: N/A] INFO  [com.alibaba.nacos.client.remote.worker.0] c.alibaba.nacos.common.remote.client - [fc01a601-c500-4998-935b-acf081bcd94c_config-0] Notify connected event to listeners.
2025-09-26 16:18:12.829 [TID: N/A] INFO  [com.alibaba.nacos.client.remote.worker.0] c.a.n.c.config.impl.ClientWorker - [fc01a601-c500-4998-935b-acf081bcd94c_config-0] Connected,notify listen context...
2025-09-26 16:18:12.829 [TID: N/A] INFO  [main] c.alibaba.nacos.common.remote.client - [fc01a601-c500-4998-935b-acf081bcd94c_config-0] Register server push request handler:com.alibaba.nacos.common.remote.client.RpcClient$$Lambda/0x00000088015e2f30
2025-09-26 16:18:12.949 [TID: N/A] INFO  [main] o.a.d.c.d.DefaultApplicationDeployer -  [DUBBO] Dubbo Application[1.1](cola-tools) has been initialized!, dubbo version: 3.2.10, current host: 11.0.118.232
2025-09-26 16:18:13.040 [TID: N/A] INFO  [main] c.alibaba.druid.pool.DruidDataSource - {dataSource-1} inited
Logging initialized using 'class org.apache.ibatis.logging.stdout.StdOutImpl' adapter.
Using VFS adapter com.mybatisflex.spring.boot.SpringBootVFS
Checking to see if class com.mybatisflex.core.row.BatchArgsSetter matches criteria [is assignable to BaseMapper]
Checking to see if class com.mybatisflex.core.row.RowUtil matches criteria [is assignable to BaseMapper]
Checking to see if class com.mybatisflex.core.row.RowMapperInvoker matches criteria [is assignable to BaseMapper]
Checking to see if class com.mybatisflex.core.row.RowMapper matches criteria [is assignable to BaseMapper]
Checking to see if class com.mybatisflex.core.row.DbChain matches criteria [is assignable to BaseMapper]
Checking to see if class com.mybatisflex.core.row.Db matches criteria [is assignable to BaseMapper]
Checking to see if class com.mybatisflex.core.row.RowKey matches criteria [is assignable to BaseMapper]
Checking to see if class com.mybatisflex.core.row.Row matches criteria [is assignable to BaseMapper]
Checking to see if class com.mybatisflex.core.row.RowCPI matches criteria [is assignable to BaseMapper]
  __  __       _           _   _       _____ _           
 |  \/  |_   _| |__   __ _| |_(_)___  |  ___| | _____  __
 | |\/| | | | | '_ \ / _` | __| / __| | |_  | |/ _ \ \/ /
 | |  | | |_| | |_) | (_| | |_| \__ \ |  _| | |  __/>  < 
 |_|  |_|\__, |_.__/ \__,_|\__|_|___/ |_|   |_|\___/_/\_\
         |___/ v1.9.7 https://mybatis-flex.com
Checking to see if class com.xiaowang.cola.tools.infrastructure.mapper.ToolMapper matches criteria [is assignable to BaseMapper]
2025-09-26 16:18:13.477 [TID: N/A] INFO  [main] org.redisson.Version - Redisson 3.24.3
2025-09-26 16:18:13.570 [TID: N/A] INFO  [redisson-netty-2-4] o.r.c.p.MasterPubSubConnectionPool - 1 connections initialized for 127.0.0.1/127.0.0.1:6379
2025-09-26 16:18:13.596 [TID: N/A] INFO  [redisson-netty-2-19] o.r.c.pool.MasterConnectionPool - 24 connections initialized for 127.0.0.1/127.0.0.1:6379
____ ____    ___ ____ _  _ ____ _  _ 
[__  |__| __  |  |  | |_/  |___ |\ | 
___] |  |     |  |__| | \_ |___ | \| 
https://sa-token.cc (v1.37.0)
2025-09-26 16:18:13.655 [TID: N/A] INFO  [main] c.a.j.a.AbstractCacheAutoInit - init cache area default , type= caffeine
2025-09-26 16:18:13.657 [TID: N/A] INFO  [main] c.a.j.a.AbstractCacheAutoInit - init cache area default , type= redisson
2025-09-26 16:18:13.666 [TID: N/A] INFO  [main] c.a.j.support.DefaultMetricsManager - cache stat period at 1 MINUTES
2025-09-26 16:18:13.809 [TID: N/A] INFO  [main] org.quartz.impl.StdSchedulerFactory - Using default implementation for ThreadExecutor
2025-09-26 16:18:13.814 [TID: N/A] INFO  [main] o.quartz.core.SchedulerSignalerImpl - Initialized Scheduler Signaller of type: class org.quartz.core.SchedulerSignalerImpl
2025-09-26 16:18:13.814 [TID: N/A] INFO  [main] org.quartz.core.QuartzScheduler - Quartz Scheduler v.2.3.2 created.
2025-09-26 16:18:13.815 [TID: N/A] INFO  [main] org.quartz.simpl.RAMJobStore - RAMJobStore initialized.
2025-09-26 16:18:13.815 [TID: N/A] INFO  [main] org.quartz.core.QuartzScheduler - Scheduler meta-data: Quartz Scheduler (v2.3.2) 'quartzScheduler' with instanceId 'NON_CLUSTERED'
  Scheduler class: 'org.quartz.core.QuartzScheduler' - running locally.
  NOT STARTED.
  Currently in standby mode.
  Number of jobs executed: 0
  Using thread pool 'org.quartz.simpl.SimpleThreadPool' - with 10 threads.
  Using job-store 'org.quartz.simpl.RAMJobStore' - which does not support persistence. and is not clustered.

2025-09-26 16:18:13.815 [TID: N/A] INFO  [main] org.quartz.impl.StdSchedulerFactory - Quartz scheduler 'quartzScheduler' initialized from an externally provided properties instance.
2025-09-26 16:18:13.815 [TID: N/A] INFO  [main] org.quartz.impl.StdSchedulerFactory - Quartz scheduler version: 2.3.2
2025-09-26 16:18:13.815 [TID: N/A] INFO  [main] org.quartz.core.QuartzScheduler - JobFactory set to: org.springframework.scheduling.quartz.SpringBeanJobFactory@fa200ab
2025-09-26 16:18:13.838 [TID: N/A] INFO  [main] o.s.b.a.e.web.EndpointLinksResolver - Exposing 1 endpoint(s) beneath base path '/actuator'
2025-09-26 16:18:13.863 [TID: N/A] INFO  [main] o.s.s.quartz.SchedulerFactoryBean - Starting Quartz Scheduler now
2025-09-26 16:18:13.863 [TID: N/A] INFO  [main] org.quartz.core.QuartzScheduler - Scheduler quartzScheduler_$_NON_CLUSTERED started.
2025-09-26 16:18:13.878 [TID: N/A] INFO  [main] o.a.d.c.deploy.DefaultModuleDeployer -  [DUBBO] Dubbo Module[1.1.1] is starting., dubbo version: 3.2.10, current host: 11.0.118.232
2025-09-26 16:18:13.878 [TID: N/A] INFO  [main] o.a.d.c.d.DefaultApplicationDeployer -  [DUBBO] Dubbo Application[1.1](cola-tools) is starting., dubbo version: 3.2.10, current host: 11.0.118.232
2025-09-26 16:18:13.878 [TID: N/A] INFO  [main] o.a.d.c.deploy.DefaultModuleDeployer -  [DUBBO] Dubbo Module[1.1.0] is starting., dubbo version: 3.2.10, current host: 11.0.118.232
2025-09-26 16:18:13.878 [TID: N/A] INFO  [main] o.a.d.c.deploy.DefaultModuleDeployer -  [DUBBO] Dubbo Module[1.1.0] has started., dubbo version: 3.2.10, current host: 11.0.118.232
2025-09-26 16:18:13.878 [TID: N/A] INFO  [main] o.a.d.c.deploy.DefaultModuleDeployer -  [DUBBO] Dubbo Module[1.1.1] has started., dubbo version: 3.2.10, current host: 11.0.118.232
2025-09-26 16:18:13.879 [TID: N/A] INFO  [main] o.a.d.c.d.DefaultMetricsServiceExporter -  [DUBBO] The MetricsConfig not exist, will not export metrics service., dubbo version: 3.2.10, current host: 11.0.118.232
2025-09-26 16:18:13.881 [TID: N/A] INFO  [main] o.a.d.c.b.b.InternalServiceConfigBuilder -  [DUBBO] org.apache.dubbo.metadata.MetadataServiceService Port hasn't been set will use default protocol defined in protocols., dubbo version: 3.2.10, current host: 11.0.118.232
2025-09-26 16:18:13.891 [TID: N/A] INFO  [main] o.a.d.c.b.b.InternalServiceConfigBuilder -  [DUBBO] Using dubbo protocol to export org.apache.dubbo.metadata.MetadataService service on port -1, dubbo version: 3.2.10, current host: 11.0.118.232
2025-09-26 16:18:13.919 [TID: N/A] WARN  [main] o.apache.dubbo.config.ServiceConfig -  [DUBBO] Use random available port(20880) for protocol dubbo, dubbo version: 3.2.10, current host: 11.0.118.232, error code: 5-8. This may be caused by , go to https://dubbo.apache.org/faq/5/8 to find instructions. 
2025-09-26 16:18:13.945 [TID: N/A] INFO  [main] org.apache.dubbo.qos.server.Server -  [DUBBO] qos-server bind localhost:22222, dubbo version: 3.2.10, current host: 11.0.118.232
2025-09-26 16:18:13.945 [TID: N/A] INFO  [main] o.apache.dubbo.config.ServiceConfig -  [DUBBO] Export dubbo service org.apache.dubbo.metadata.MetadataService to local registry url : injvm://127.0.0.1/org.apache.dubbo.metadata.MetadataService?anyhost=true&application=cola-tools&background=false&bind.ip=11.0.118.232&bind.port=20880&delay=0&deprecated=false&dubbo=2.0.2&dynamic=true&executor-management-mode=isolation&exporter.listener=injvm&file-cache=true&generic=false&getAndListenInstanceMetadata.1.callback=true&getAndListenInstanceMetadata.return=true&getAndListenInstanceMetadata.sent=true&group=cola-tools&interface=org.apache.dubbo.metadata.MetadataService&methods=exportInstanceMetadata,getAndListenInstanceMetadata,getExportedServiceURLs,getExportedURLs,getInstanceMetadataChangedListenerMap,getMetadataInfo,getMetadataInfos,getMetadataURL,getServiceDefinition,getSubscribedURLs,isMetadataService,serviceName,toSortedStrings,version&pid=95397&prefer.serialization=fastjson2,hessian2&qos.accept.foreign.ip=false&qos.enable=true&register=false&release=3.2.10&retries=1&revision=3.2.10&service.filter=-default&side=provider&timeout=5000&timestamp=1758874693916&version=1.0.0, dubbo version: 3.2.10, current host: 11.0.118.232
2025-09-26 16:18:13.946 [TID: N/A] INFO  [main] o.apache.dubbo.config.ServiceConfig -  [DUBBO] Export dubbo service org.apache.dubbo.metadata.MetadataService to url dubbo://11.0.118.232:20880/org.apache.dubbo.metadata.MetadataService?anyhost=true&application=cola-tools&background=false&bind.ip=11.0.118.232&bind.port=20880&delay=0&deprecated=false&dubbo=2.0.2&dynamic=true&executor-management-mode=isolation&file-cache=true&generic=false&getAndListenInstanceMetadata.1.callback=true&getAndListenInstanceMetadata.return=true&getAndListenInstanceMetadata.sent=true&group=cola-tools&interface=org.apache.dubbo.metadata.MetadataService&methods=exportInstanceMetadata,getAndListenInstanceMetadata,getExportedServiceURLs,getExportedURLs,getInstanceMetadataChangedListenerMap,getMetadataInfo,getMetadataInfos,getMetadataURL,getServiceDefinition,getSubscribedURLs,isMetadataService,serviceName,toSortedStrings,version&pid=95397&prefer.serialization=fastjson2,hessian2&qos.accept.foreign.ip=false&qos.enable=true&register=false&release=3.2.10&retries=1&revision=3.2.10&service.filter=-default&side=provider&timeout=5000&timestamp=1758874693916&version=1.0.0, dubbo version: 3.2.10, current host: 11.0.118.232
2025-09-26 16:18:13.972 [TID: N/A] INFO  [main] o.a.d.r.transport.AbstractServer -  [DUBBO] Start NettyServer bind /0.0.0.0:20880, export /11.0.118.232:20880, dubbo version: 3.2.10, current host: 11.0.118.232
2025-09-26 16:18:13.976 [TID: N/A] INFO  [main] o.a.d.c.m.ConfigurableMetadataServiceExporter -  [DUBBO] The MetadataService exports urls : [dubbo://11.0.118.232:20880/org.apache.dubbo.metadata.MetadataService?anyhost=true&application=cola-tools&background=false&bind.ip=11.0.118.232&bind.port=20880&delay=0&deprecated=false&dubbo=2.0.2&dynamic=true&executor-management-mode=isolation&file-cache=true&generic=false&getAndListenInstanceMetadata.1.callback=true&getAndListenInstanceMetadata.return=true&getAndListenInstanceMetadata.sent=true&group=cola-tools&interface=org.apache.dubbo.metadata.MetadataService&methods=exportInstanceMetadata,getAndListenInstanceMetadata,getExportedServiceURLs,getExportedURLs,getInstanceMetadataChangedListenerMap,getMetadataInfo,getMetadataInfos,getMetadataURL,getServiceDefinition,getSubscribedURLs,isMetadataService,serviceName,toSortedStrings,version&pid=95397&prefer.serialization=fastjson2,hessian2&qos.accept.foreign.ip=false&qos.enable=true&register=false&release=3.2.10&retries=1&revision=3.2.10&service.filter=-default&side=provider&timeout=5000&timestamp=1758874693916&version=1.0.0], dubbo version: 3.2.10, current host: 11.0.118.232
2025-09-26 16:18:13.977 [TID: N/A] INFO  [main] o.a.d.r.c.m.ServiceInstanceMetadataUtils -  [DUBBO] Start registering instance address to registry., dubbo version: 3.2.10, current host: 11.0.118.232
2025-09-26 16:18:13.980 [TID: N/A] INFO  [main] o.a.d.c.d.DefaultApplicationDeployer -  [DUBBO] Dubbo Application[1.1](cola-tools) is ready., dubbo version: 3.2.10, current host: 11.0.118.232
2025-09-26 16:18:13.981 [TID: N/A] INFO  [main] c.x.c.t.d.s.JsonArrayFormatTest - Started JsonArrayFormatTest in 2.784 seconds (process running for 3.148)
2025-09-26 16:18:13.984 [TID: N/A] INFO  [main] c.a.n.client.config.impl.CacheData - config listener notify warn timeout millis use default 60000 millis 
2025-09-26 16:18:13.984 [TID: N/A] INFO  [main] c.a.n.client.config.impl.CacheData - nacos.cache.data.init.snapshot = true 
2025-09-26 16:18:13.984 [TID: N/A] INFO  [main] c.a.n.c.config.impl.ClientWorker - [fixed-127.0.0.1_8848] [subscribe] cola-tools.properties+DEFAULT_GROUP
2025-09-26 16:18:13.987 [TID: N/A] INFO  [main] c.a.n.client.config.impl.CacheData - [fixed-127.0.0.1_8848] [add-listener] ok, tenant=, dataId=cola-tools.properties, group=DEFAULT_GROUP, cnt=1
2025-09-26 16:18:13.987 [TID: N/A] INFO  [main] c.a.c.n.r.NacosContextRefresher - [Nacos Config] Listening config: dataId=cola-tools.properties, group=DEFAULT_GROUP
2025-09-26 16:18:13.987 [TID: N/A] INFO  [main] c.a.n.c.config.impl.ClientWorker - [fixed-127.0.0.1_8848] [subscribe] cola-tools+DEFAULT_GROUP
2025-09-26 16:18:13.988 [TID: N/A] INFO  [main] c.a.n.client.config.impl.CacheData - [fixed-127.0.0.1_8848] [add-listener] ok, tenant=, dataId=cola-tools, group=DEFAULT_GROUP, cnt=1
2025-09-26 16:18:13.988 [TID: N/A] INFO  [main] c.a.c.n.r.NacosContextRefresher - [Nacos Config] Listening config: dataId=cola-tools, group=DEFAULT_GROUP
数组压缩格式化结果:
[{"name":"测试","items":["item1","item2"]}]
]]></system-out>
    <system-err><![CDATA[WARNING: A Java agent has been loaded dynamically (/Users/wangjin/.m2/repository/net/bytebuddy/byte-buddy-agent/1.14.11/byte-buddy-agent-1.14.11.jar)
WARNING: If a serviceability tool is in use, please run with -XX:+EnableDynamicAgentLoading to hide this warning
WARNING: If a serviceability tool is not in use, please run with -Djdk.instrument.traceUsage for more information
WARNING: Dynamic loading of agents will be disallowed by default in a future release
]]></system-err>
  </testcase>
  <testcase name="testArrayWithDifferentDataTypes" classname="com.xiaowang.cola.tools.domain.service.JsonArrayFormatTest" time="0.003">
    <system-out><![CDATA[混合数据类型数组格式化结果:
{
   "data":[
      "字符串",
      123,
      true,
      null,
      {
         "nested":"对象"
         },
         [
            "嵌套",
            "数组"
         ]
      ]
   }
]]></system-out>
  </testcase>
  <testcase name="testEmptyArrayFormat" classname="com.xiaowang.cola.tools.domain.service.JsonArrayFormatTest" time="0.008">
    <system-out><![CDATA[空数组格式化结果:
{
  "emptyArray":[

    ],
    "emptyObject":{

      },
      "mixedEmpty":[
        {

          },
          [

          ]
        ]
      }
]]></system-out>
  </testcase>
  <testcase name="testNestedArrayFormat" classname="com.xiaowang.cola.tools.domain.service.JsonArrayFormatTest" time="0.002">
    <system-out><![CDATA[嵌套数组格式化结果:
{
  "users":[
    {
      "name":"用户1",
      "roles":[
        "admin",
        "user"
      ]
      },
      {
        "name":"用户2",
        "roles":[
          "user"
        ]
      }
      ],
      "groups":[
        [
          "group1",
          "group2"
          ],
          [
            "group3"
          ]
        ]
      }
]]></system-out>
  </testcase>
  <testcase name="testComplexArrayFormat" classname="com.xiaowang.cola.tools.domain.service.JsonArrayFormatTest" time="0.001">
    <system-out><![CDATA[复杂数组格式化结果:
[
    {
        "name":"张三",
        "age":25,
        "hobbies":[
            "读书",
            "游泳"
        ]
        },
        {
            "name":"李四",
            "age":30,
            "hobbies":[
                "编程",
                "跑步",
                "音乐"
            ]
        }
    ]
]]></system-out>
  </testcase>
  <testcase name="testSimpleArrayFormat" classname="com.xiaowang.cola.tools.domain.service.JsonArrayFormatTest" time="0.001">
    <system-out><![CDATA[简单数组格式化结果:
[
  "苹果",
  "香蕉",
  "橙子",
  "葡萄"
]
]]></system-out>
  </testcase>
</testsuite>